Feb 18, 2015 10:43:21 AM org.apache.catalina.core.AprLifecycleListener init
INFO: The APR based Apache Tomcat Native library which allows optimal performance in production environments was not found on the java.library.path: /usr/java/packages/lib/amd64:/usr/lib64:/lib64:/lib:/usr/lib
Feb 18, 2015 10:43:22 AM org.apache.coyote.AbstractProtocol init
INFO: Initializing ProtocolHandler ["http-bio-8080"]
Feb 18, 2015 10:43:22 AM org.apache.coyote.AbstractProtocol init
INFO: Initializing ProtocolHandler ["ajp-bio-8009"]
Feb 18, 2015 10:43:22 AM org.apache.catalina.startup.Catalina load
INFO: Initialization processed in 1715 ms
Feb 18, 2015 10:43:24 AM org.apache.catalina.core.StandardService startInternal
INFO: Starting service Catalina
Feb 18, 2015 10:43:24 AM org.apache.catalina.core.StandardEngine startInternal
INFO: Starting Servlet Engine: Apache Tomcat/7.0.53
Feb 18, 2015 10:43:24 AM org.apache.marmotta.splash.ProgressListener lifecycleEvent
INFO: starting host instance
Feb 18, 2015 10:43:24 AM org.apache.catalina.startup.HostConfig deployDirectory
INFO: Deploying web application directory /home/shubhanshu/marmotta/apache-tomcat-7.0.53/webapps/manager
Feb 18, 2015 10:43:25 AM org.apache.catalina.util.SessionIdGenerator createSecureRandom
INFO: Creation of SecureRandom instance for session ID generation using [SHA1PRNG] took [144] milliseconds.
Feb 18, 2015 10:43:25 AM org.apache.catalina.startup.HostConfig deployDirectory
INFO: Deploying web application directory /home/shubhanshu/marmotta/apache-tomcat-7.0.53/webapps/host-manager
Feb 18, 2015 10:43:25 AM org.apache.catalina.startup.HostConfig deployDirectory
INFO: Deploying web application directory /home/shubhanshu/marmotta/apache-tomcat-7.0.53/webapps/docs
Feb 18, 2015 10:43:25 AM org.apache.catalina.startup.HostConfig deployDirectory
INFO: Deploying web application directory /home/shubhanshu/marmotta/apache-tomcat-7.0.53/webapps/marmotta
Feb 18, 2015 10:43:36 AM org.apache.catalina.startup.HostConfig deployDirectory
INFO: Deploying web application directory /home/shubhanshu/marmotta/apache-tomcat-7.0.53/webapps/examples
Feb 18, 2015 10:43:36 AM org.apache.catalina.startup.HostConfig deployDirectory
INFO: Deploying web application directory /home/shubhanshu/marmotta/apache-tomcat-7.0.53/webapps/ROOT
Feb 18, 2015 10:43:36 AM org.apache.coyote.AbstractProtocol start
INFO: Starting ProtocolHandler ["http-bio-8080"]
Feb 18, 2015 10:43:36 AM org.apache.coyote.AbstractProtocol start
INFO: Starting ProtocolHandler ["ajp-bio-8009"]
Feb 18, 2015 10:43:57 AM org.apache.catalina.startup.Catalina start
INFO: Server startup in 34304 ms
